<?xml version="1.0" encoding="UTF-8"?>
<testng-results skipped="0" failed="0" ignored="0" total="1" passed="1">
  <reporter-output>
  </reporter-output>
  <suite name="Default suite" duration-ms="1458" started-at="2021-10-22T10:14:44 CDT" finished-at="2021-10-22T10:14:46 CDT">
    <groups>
    </groups>
    <test name="Default test" duration-ms="1458" started-at="2021-10-22T10:14:44 CDT" finished-at="2021-10-22T10:14:46 CDT">
      <class name="Testworld">
        <test-method status="PASS" signature="setup()[pri:0, instance:Testworld@22eeefeb]" name="setup" is-config="true" duration-ms="7351" started-at="2021-10-22T10:14:37 CDT" finished-at="2021-10-22T10:14:44 CDT">
          <reporter-output>
          </reporter-output>
        </test-method> <!-- setup -->
        <test-method status="PASS" signature="logk()[pri:0, instance:Testworld@22eeefeb]" name="logk" duration-ms="1392" started-at="2021-10-22T10:14:44 CDT" finished-at="2021-10-22T10:14:46 CDT">
          <reporter-output>
          </reporter-output>
        </test-method> <!-- logk -->
        <test-method status="PASS" signature="down()[pri:0, instance:Testworld@22eeefeb]" name="down" is-config="true" duration-ms="4811" started-at="2021-10-22T10:14:46 CDT" finished-at="2021-10-22T10:14:51 CDT">
          <reporter-output>
          </reporter-output>
        </test-method> <!-- down -->
      </class> <!-- Testworld -->
    </test> <!-- Default test -->
  </suite> <!-- Default suite -->
</testng-results>
